0 verbose cli /usr/local/bin/node /usr/local/bin/npm
1 info using npm@10.9.3
2 info using node@v22.20.0
3 silly config load:file:/usr/local/lib/node_modules/npm/npmrc
4 silly config load:file:/Users/samhez/Documents/ALU BSc Software Engineering/TRIMESTER 3/Frontend Web Development/Week 5 Web Scraping/js-web-scrapping/.npmrc
5 silly config load:file:/Users/samhez/.npmrc
6 silly config load:file:/usr/local/etc/npmrc
7 verbose title npm view cheerio description dist-tags.latest homepage version time
8 verbose argv "view" "--json" "--" "cheerio" "description" "dist-tags.latest" "homepage" "version" "time"
9 verbose logfile logs-max:10 dir:/Users/samhez/Documents/ALU BSc Software Engineering/TRIMESTER 3/Frontend Web Development/Week 5 Web Scraping/js-web-scrapping/.npm-cache/_logs/2026-06-15T10_50_20_969Z-
10 verbose logfile /Users/samhez/Documents/ALU BSc Software Engineering/TRIMESTER 3/Frontend Web Development/Week 5 Web Scraping/js-web-scrapping/.npm-cache/_logs/2026-06-15T10_50_20_969Z-debug-0.log
0 verbose cli /usr/local/bin/node /usr/local/bin/npm
1 info using npm@10.9.3
2 info using node@v22.20.0
3 silly config load:file:/usr/local/lib/node_modules/npm/npmrc
4 silly config load:file:/Users/samhez/Documents/ALU BSc Software Engineering/TRIMESTER 3/Frontend Web Development/Week 5 Web Scraping/js-web-scrapping/.npmrc
5 silly config load:file:/Users/samhez/.npmrc
6 silly config load:file:/usr/local/etc/npmrc
7 verbose title npm ls cheerio
8 verbose argv "ls" "--json" "--depth" "0" "--" "cheerio"
9 verbose logfile logs-max:10 dir:/Users/samhez/Documents/ALU BSc Software Engineering/TRIMESTER 3/Frontend Web Development/Week 5 Web Scraping/js-web-scrapping/.npm-cache/_logs/2026-06-15T10_50_20_969Z-
10 verbose logfile /Users/samhez/Documents/ALU BSc Software Engineering/TRIMESTER 3/Frontend Web Development/Week 5 Web Scraping/js-web-scrapping/.npm-cache/_logs/2026-06-15T10_50_20_969Z-debug-0.log
11 silly logfile done cleaning log files
11 silly logfile done cleaning log files
12 silly packumentCache heap:4345298944 maxSize:1086324736 maxEntrySize:543162368
13 verbose cwd /Users/samhez/Documents/ALU BSc Software Engineering/TRIMESTER 3/Frontend Web Development/Week 5 Web Scraping/js-web-scrapping
14 verbose os Darwin 21.6.0
15 verbose node v22.20.0
16 verbose npm  v10.9.3
17 verbose exit 1
18 verbose code 1
12 http fetch GET 200 https://registry.npmjs.org/cheerio 180ms (cache revalidated)
13 verbose cwd /Users/samhez/Documents/ALU BSc Software Engineering/TRIMESTER 3/Frontend Web Development/Week 5 Web Scraping/js-web-scrapping
14 verbose os Darwin 21.6.0
15 verbose node v22.20.0
16 verbose npm  v10.9.3
17 verbose exit 0
18 info ok
